<?xml version="1.0" encoding="UTF-8"?>
<!-- Generated by org.testng.reporters.JUnitReportReporter -->
<testsuite hostname="DESKTOP-FSQS5S0" failures="0" tests="1" name="com.flipkart.runner.CardTestCase" time="80.900" errors="0" timestamp="2025-02-19T08:18:14 IST" skipped="0">
  <testcase classname="com.flipkart.runner.CardTestCase" name="Card" time="80.900"/>
</testsuite> <!-- com.flipkart.runner.CardTestCase -->
