<?xml version="1.0" encoding="UTF-8"?>
<!-- Generated by org.testng.reporters.JUnitReportReporter -->
<testsuite hostname="DESKTOP-FSQS5S0" failures="0" tests="1" name="com.flipkart.runner.Reverify" time="49.463" errors="0" timestamp="2025-02-19T00:37:24 IST" skipped="0">
  <testcase classname="com.flipkart.runner.Reverify" name="re" time="49.463"/>
</testsuite> <!-- com.flipkart.runner.Reverify -->
