<?xml version="1.0" encoding="UTF-8"?>
<!-- Generated by org.testng.reporters.JUnitReportReporter -->
<testsuite hostname="DESKTOP-FSQS5S0" failures="0" tests="1" name="com.flipkart.runner.UPIPayment" time="69.162" errors="0" timestamp="2025-02-19T01:09:11 IST" skipped="0">
  <testcase classname="com.flipkart.runner.UPIPayment" name="upi" time="69.162"/>
</testsuite> <!-- com.flipkart.runner.UPIPayment -->
